[1761290204] Connected device 90:65:84:5C:9B:2A sent: xkhsimuzwyatg
[1761290213] Connected device 90:65:84:5C:9B:2A sent: bykycmrjtqkhltck
[1761290222] Connected device 90:65:84:5C:9B:2A sent: ijehiapifzewqlruseepxnhfjii
[1761290234] Connected device F6:E5:D4:C3:B2:A1 sent: ctulelaputccjp
[1761290243] Connected device 11:22:33:44:55:66 sent: owoscwbrppyudkuuqqbagohrfkrmnhutlohecdkzy
[1761290252] Connected device 11:22:33:44:55:66 sent: nvxdfliofkmppsinzimvyalbbbvsemynqgmvjaepkinujsev
[1761290264] Connected device A1:B2:C3:D4:E5:F6 sent: vfjoehqqphmhsxyvuzvqjsdgbpghahdxixcjt
[1761290273] Connected device A1:B2:C3:D4:E5:F6 sent: kggnrkiaeaaxpvmsqmszyqqndfstbhprrfqzm
[1761290285] Connected device 11:22:33:44:55:66 sent: nimkvugqtyfnnqlzmqpuygjpj
[1761290294] Connected device A1:B2:C3:D4:E5:F6 sent: ybzuaipzcsglqnetxrthmk
[1761290303] Connected device 11:22:33:44:55:66 sent: ylspwbyofhnrgawxknazsbrxvkaaxabhx
[1761290312] Connected device 90:65:84:5C:9B:2A sent: nrjruxgvsbozmhdepuzlaisxdrjilyr
[1761290324] Connected device F6:E5:D4:C3:B2:A1 sent: sddietlaacgjcnvqpefwjqzavtfrrdpwimgerehg
[1761290333] Connected device A1:B2:C3:D4:E5:F6 sent: roxurlvfofsqxnfursupgpoxdcdunhjggyqtedhjgricafnl
[1761290349] Connected device A1:B2:C3:D4:E5:F6 sent: zxhyuduuhrkbmzdrmtwworeehpugcwfdwxc
[1761290358] Connected device A1:B2:C3:D4:E5:F6 sent: trqxzeqpmfsevgjmbcfcotql
[1761290373] Connected device 90:65:84:5C:9B:2A sent: bsutjhohxcbapizumjzjkvyasguvavbxzoxpdxbqx
[1761290388] Connected device 11:22:33:44:55:66 sent: hotymuerogmmuijxtnuyrarexyhlbxrah
[1761290397] Connected device 90:65:84:5C:9B:2A sent: lqfiwhtvsfpizwgxbiubuknvjdciumynxbrrrxcww
[1761290409] Connected device A1:B2:C3:D4:E5:F6 sent: wibtywphatjorbddfashlvvyamhdmhoo
[1761290421] Connected device A1:B2:C3:D4:E5:F6 sent: neweaxiqxkpctvlhfkvl
[1761290436] Connected device 90:65:84:5C:9B:2A sent: psptdqgvyuswclgb
[1761290445] Connected device 90:65:84:5C:9B:2A sent: bunrijkpvatcxsdmkkzzwt
[1761290457] Connected device 90:65:84:5C:9B:2A sent: vnphgyenurenkovysymltlnumqhoxsrokenxuwy
[1761290466] Connected device 11:22:33:44:55:66 sent: nlcbfvuhcydedbsogntvqvzwvevzpwwbbbr
[1761290475] Connected device F6:E5:D4:C3:B2:A1 sent: lrittgzamgxnywdcwvkabfxghapcimt
[1761290493] Connected device A1:B2:C3:D4:E5:F6 sent: lkhvluktbqjnzwnoihdl
