[1761290204] Received from connected device 90:65:84:5C:9B:2A: xkhsimuzwyatg
[1761290206] Received from unconnected device FF:EE:DD:CC:BB:AA: qbtqbtjeujqdpusfz
[1761290206] Received: xkhsimuzwyatg
[1761290206] Received: qbtqbtjeujqdpusfz
[1761290213] Received from connected device 90:65:84:5C:9B:2A: bykycmrjtqkhltck
[1761290219] Received from unconnected device 99:88:77:66:55:44: ejqysxnxnmyrtgfcavttuemifbrqzrkdrsrwwsfybmvuyuyq
[1761290219] Received: bykycmrjtqkhltck
[1761290219] Received: ejqysxnxnmyrtgfcavttuemifbrqzrkdrsrwwsfybmvuyuyq
[1761290222] Received from connected device 90:65:84:5C:9B:2A: ijehiapifzewqlruseepxnhfjii
[1761290227] Received: ijehiapifzewqlruseepxnhfjii
[1761290234] Received from connected device F6:E5:D4:C3:B2:A1: ctulelaputccjp
[1761290235] Received from unconnected device 99:88:77:66:55:44: yevgojbtvng
[1761290235] Received: ctulelaputccjp
[1761290235] Received: yevgojbtvng
[1761290243] Received from connected device 11:22:33:44:55:66: owoscwbrppyudkuuqqbagohrfkrmnhutlohecdkzy
[1761290251] Received: owoscwbrppyudkuuqqbagohrfkrmnhutlohecdkzy
[1761290252] Received from connected device 11:22:33:44:55:66: nvxdfliofkmppsinzimvyalbbbvsemynqgmvjaepkinujsev
[1761290259] Received: nvxdfliofkmppsinzimvyalbbbvsemynqgmvjaepkinujsev
[1761290264] Received from connected device A1:B2:C3:D4:E5:F6: vfjoehqqphmhsxyvuzvqjsdgbpghahdxixcjt
[1761290267] Received: vfjoehqqphmhsxyvuzvqjsdgbpghahdxixcjt
[1761290273] Received from connected device A1:B2:C3:D4:E5:F6: kggnrkiaeaaxpvmsqmszyqqndfstbhprrfqzm
[1761290275] Received: kggnrkiaeaaxpvmsqmszyqqndfstbhprrfqzm
[1761290285] Received from connected device 11:22:33:44:55:66: nimkvugqtyfnnqlzmqpuygjpj
[1761290291] Received: nimkvugqtyfnnqlzmqpuygjpj
[1761290294] Received from connected device A1:B2:C3:D4:E5:F6: ybzuaipzcsglqnetxrthmk
[1761290299] Received from unconnected device FF:EE:DD:CC:BB:AA: elwlspujujqpeyqwyvhweysbazerqupkkjnrtktpb
[1761290299] Received: ybzuaipzcsglqnetxrthmk
[1761290299] Received: elwlspujujqpeyqwyvhweysbazerqupkkjnrtktpb
[1761290303] Received from connected device 11:22:33:44:55:66: ylspwbyofhnrgawxknazsbrxvkaaxabhx
[1761290307] Received: ylspwbyofhnrgawxknazsbrxvkaaxabhx
[1761290312] Received from connected device 90:65:84:5C:9B:2A: nrjruxgvsbozmhdepuzlaisxdrjilyr
[1761290315] Received: nrjruxgvsbozmhdepuzlaisxdrjilyr
[1761290324] Received from connected device F6:E5:D4:C3:B2:A1: sddietlaacgjcnvqpefwjqzavtfrrdpwimgerehg
[1761290331] Received from unconnected device 99:88:77:66:55:44: kdlglxwanzcnoudsztohzcqa
[1761290331] Received: sddietlaacgjcnvqpefwjqzavtfrrdpwimgerehg
[1761290331] Received: kdlglxwanzcnoudsztohzcqa
[1761290333] Received from connected device A1:B2:C3:D4:E5:F6: roxurlvfofsqxnfursupgpoxdcdunhjggyqtedhjgricafnl
[1761290339] Received from unconnected device FF:EE:DD:CC:BB:AA: bsnhtmbqegkn
[1761290339] Received: roxurlvfofsqxnfursupgpoxdcdunhjggyqtedhjgricafnl
[1761290339] Received: bsnhtmbqegkn
[1761290347] Received from unconnected device AA:BB:CC:DD:EE:FF: ryosryrtvrzwfcbvfxkeizxggjk
[1761290347] Received: ryosryrtvrzwfcbvfxkeizxggjk
[1761290349] Received from connected device A1:B2:C3:D4:E5:F6: zxhyuduuhrkbmzdrmtwworeehpugcwfdwxc
[1761290355] Received: zxhyuduuhrkbmzdrmtwworeehpugcwfdwxc
[1761290358] Received from connected device A1:B2:C3:D4:E5:F6: trqxzeqpmfsevgjmbcfcotql
[1761290363] Received: trqxzeqpmfsevgjmbcfcotql
[1761290371] Received from unconnected device AA:BB:CC:DD:EE:FF: raeediebcuahzwlvutjkkvfponimdrtsygkxyxapelgdxel
[1761290371] Received: raeediebcuahzwlvutjkkvfponimdrtsygkxyxapelgdxel
[1761290373] Received from connected device 90:65:84:5C:9B:2A: bsutjhohxcbapizumjzjkvyasguvavbxzoxpdxbqx
[1761290379] Received: bsutjhohxcbapizumjzjkvyasguvavbxzoxpdxbqx
[1761290388] Received from connected device 11:22:33:44:55:66: hotymuerogmmuijxtnuyrarexyhlbxrah
[1761290395] Received: hotymuerogmmuijxtnuyrarexyhlbxrah
[1761290397] Received from connected device 90:65:84:5C:9B:2A: lqfiwhtvsfpizwgxbiubuknvjdciumynxbrrrxcww
[1761290403] Received: lqfiwhtvsfpizwgxbiubuknvjdciumynxbrrrxcww
[1761290409] Received from connected device A1:B2:C3:D4:E5:F6: wibtywphatjorbddfashlvvyamhdmhoo
[1761290411] Received: wibtywphatjorbddfashlvvyamhdmhoo
[1761290421] Received from connected device A1:B2:C3:D4:E5:F6: neweaxiqxkpctvlhfkvl
[1761290427] Received: neweaxiqxkpctvlhfkvl
[1761290436] Received from connected device 90:65:84:5C:9B:2A: psptdqgvyuswclgb
[1761290443] Received: psptdqgvyuswclgb
[1761290445] Received from connected device 90:65:84:5C:9B:2A: bunrijkpvatcxsdmkkzzwt
[1761290451] Received from unconnected device AA:BB:CC:DD:EE:FF: kusdsjhmijh
[1761290451] Received: bunrijkpvatcxsdmkkzzwt
[1761290451] Received: kusdsjhmijh
[1761290457] Received from connected device 90:65:84:5C:9B:2A: vnphgyenurenkovysymltlnumqhoxsrokenxuwy
[1761290459] Received from unconnected device 99:88:77:66:55:44: ecybqclchlbhqfezzgonprfpumyvijtffcnecxta
[1761290459] Received: vnphgyenurenkovysymltlnumqhoxsrokenxuwy
[1761290459] Received: ecybqclchlbhqfezzgonprfpumyvijtffcnecxta
[1761290466] Received from connected device 11:22:33:44:55:66: nlcbfvuhcydedbsogntvqvzwvevzpwwbbbr
[1761290467] Received: nlcbfvuhcydedbsogntvqvzwvevzpwwbbbr
[1761290475] Received from connected device F6:E5:D4:C3:B2:A1: lrittgzamgxnywdcwvkabfxghapcimt
[1761290475] Received: lrittgzamgxnywdcwvkabfxghapcimt
[1761290493] Received from connected device A1:B2:C3:D4:E5:F6: lkhvluktbqjnzwnoihdl
[1761290499] Received from unconnected device 11:22:33:44:55:66: dzudthvqmkunzle
[1761290499] Received: lkhvluktbqjnzwnoihdl
[1761290499] Received: dzudthvqmkunzle
